2014-02-21 14:00:16,542 Downloads directory created
2014-02-21 14:00:16,686 Copied: http://www.starbucks.com/  FileName: c794a124cbfdadc2ff8309c2ab698170Is Crawlable: True
2014-02-21 14:00:18,822 Copied: http://en.wikipedia.org/wiki/Starbucks  FileName: 4e976d0e3a24963524cde2df92795a00Is Crawlable: True
2014-02-21 14:00:20,061 Copied: http://www.starbucks.com/coffee  FileName: c87f46de169f3aefa61af944e9a91dfcIs Crawlable: True
2014-02-21 14:00:21,993 Copied: https://plus.google.com/+starbucks  FileName: d047973cb886a164b12af37e997aabb1Is Crawlable: True
2014-02-21 14:00:24,677 Copied: http://www.starbucks.com/coffee/whole-bean  FileName: de84c27265ba8c7dd8cde55cc9788bf7Is Crawlable: True
2014-02-21 14:00:25,828 Copied: https://twitter.com/Starbucks  FileName: e4fd85211200f93ad6e8238f46227d0bIs Crawlable: True
2014-02-21 14:00:36,153 Copied: http://www.starbucks.com/store-locator  FileName: 52435c70b80750adb2f1d12ae7491ad8Is Crawlable: True
2014-02-21 14:00:37,611 Copied: http://www.starbucksstore.com/coffee/coffee,default,sc.html  FileName: 31e2561aeed2350ff834c59e6b9cdd98Is Crawlable: True
2014-02-21 14:00:39,069 Copied: https://www.facebook.com/Starbucks  FileName: 0b4257b89a5be59215c6bea2ce585e5eIs Crawlable: False
2014-02-21 14:00:39,523 Copied: http://news.starbucks.com/news/starbucks-celebrates-the-seattle-seahawks-with-12-cent-tall-brewed-coffee  FileName: 4d04eceffa92ce4e84e8e6c2763a3511Is Crawlable: True
2014-02-21 14:00:40,375 Copied: https://www.google.com/webhp?tab=Xw :FileName: e45e46b90ff27bfc4e6f6259d127523a :Is Crawlable: True :Score: 0
2014-02-21 14:00:40,717 Copied: http://www.google.com/imghp?hl=en&tab=Xi :FileName: 3fe34c3bef76669c06e42dc42b39a6e8 :Is Crawlable: True :Score: 0
2014-02-21 14:00:41,747 Copied: https://maps.google.com/maps?hl=en&tab=Xl :FileName: b69b7a075a9f14626acc99f3b749239e :Is Crawlable: False :Score: 0
2014-02-21 14:00:43,204 Copied: https://play.google.com/?hl=en&tab=X8 :FileName: 132123c0cd77e6dee9877223b1e96147 :Is Crawlable: True :Score: 101
2014-02-21 14:00:44,326 Copied: https://www.youtube.com/?tab=X1 :FileName: 935d43d0c758a76f2608db6b749b4bd2 :Is Crawlable: True :Score: 0
2014-02-21 14:00:46,683 Copied: https://news.google.com/nwshp?hl=en&tab=Xn :FileName: f533347c90ada0725b41a4b547b2f6c0 :Is Crawlable: False :Score: 0
2014-02-21 14:00:47,358 Copied: https://mail.google.com/mail/?tab=Xm :FileName: 5254ae98db037f30a3ca9b786f81e6ef :Is Crawlable: True :Score: 0
2014-02-21 14:00:47,592 Copied: https://drive.google.com/?tab=Xo :FileName: c5ab8d38867d9523835c22cd55cf2208 :Is Crawlable: False :Score: 0
2014-02-21 14:00:47,941 Copied: http://www.google.com/intl/en/options/ :FileName: 17ce16c387318cf85e3307c2b6314adc :Is Crawlable: True :Score: 0
2014-02-21 14:00:48,167 Copied: http://www.google.com/intl/en-US/+/learnmore/forum/ :FileName: 850658fe74567502bbb539ebb221f75e :Is Crawlable: True :Score: 0
2014-02-21 14:00:48,844 Copied: http://www.google.com/history/optout?hl=en :FileName: c3ab218b63f212de543a583fd99eda48 :Is Crawlable: True :Score: 0
2014-02-21 14:00:49,520 Copied: http://www.google.com/support/profiles/?p=help_center&hl=en-US :FileName: ba8351cf6d8b2028926202b336edfd00 :Is Crawlable: True :Score: 0
2014-02-21 14:00:50,085 Copied: https://accounts.google.com/ServiceLogin?service=oz&passive=1209600&continue=https://plus.google.com/%2Bstarbucks?gpsrc%3Dgplp0%26partnerid%3Dgplp0 :FileName: c0e884165baf060ae119793411ea9a64 :Is Crawlable: True :Score: 0
2014-02-21 14:00:50,661 Copied: https://plus.google.com/stream :FileName: 67831d23028beba73c3baf94840aae83 :Is Crawlable: True :Score: 0
2014-02-21 14:00:51,446 Copied: https://plus.google.com/me :FileName: f219a7629df31a79281e2405ffabfdb4 :Is Crawlable: True :Score: 0
2014-02-21 14:00:52,134 Copied: https://plus.google.com/people :FileName: 47255f216dd8e7d935bfbe0ec5dbba82 :Is Crawlable: True :Score: 0
2014-02-21 14:00:52,743 Copied: https://plus.google.com/photos :FileName: fa21943e6d6a29e2cfda12f854a4240f :Is Crawlable: True :Score: 0
2014-02-21 14:00:53,417 Copied: https://plus.google.com/communities :FileName: 4d2568b78f0a260b3f860058e3fc7724 :Is Crawlable: True :Score: 0
2014-02-21 14:00:54,013 Copied: https://plus.google.com/events :FileName: 30e28229726eee19d3d0a79ab951e321 :Is Crawlable: True :Score: 0
2014-02-21 14:00:55,243 Copied: https://plus.google.com/hangouts :FileName: ba885e52d76082d65346926eae5502fb :Is Crawlable: True :Score: 0
2014-02-21 14:00:55,920 Copied: https://plus.google.com/dashboard :FileName: 336bf0fdc01d9194c060a8ee58431ef3 :Is Crawlable: True :Score: 0
2014-02-21 14:00:56,594 Copied: https://plus.google.com/local :FileName: 9614cd57564ce79f9a712808177f2b8e :Is Crawlable: True :Score: 0
2014-02-21 14:00:57,157 Copied: https://plus.google.com/settings/plus :FileName: 8c57cc572c31799ed26721042000fd87 :Is Crawlable: True :Score: 0
2014-02-21 14:00:57,382 Copied: http://www.google.com/intl/en-US/+/policy/content.html :FileName: 1201bb4c7e4c25406599d697754f3c7b :Is Crawlable: True :Score: 0
2014-02-21 14:00:57,546 Copied: http://www.google.com/intl/en-US/help/terms_maps.html :FileName: 54861660dfe775e481bb464488744bdb :Is Crawlable: True :Score: 0
2014-02-21 14:00:58,575 Copied: http://Starbucks.com :FileName: e8d5bea27a18559022629ddd84e1554a :Is Crawlable: True :Score: 277
2014-02-21 14:01:01,151 Copied: https://plus.google.com/117575809843355974839 :FileName: 82ce55fa89bf6bb268aefdb9065e4aab :Is Crawlable: True :Score: 295
2014-02-21 14:01:02,283 Copied: https://plus.google.com/117575809843355974839/posts/R7f1aHdpFF5 :FileName: cc94d04af4d325e30cabde1c4c74f3bb :Is Crawlable: True :Score: 213
2014-02-21 14:01:03,746 Copied: https://plus.google.com/explore/CoffeeThursday :FileName: 1653b89d855e9082c8326a5890cf8ba0 :Is Crawlable: True :Score: 0
2014-02-21 14:01:04,986 Copied: https://plus.google.com/explore/Toffee :FileName: d01f42b6f766f61d8d65b69bf98bbae2 :Is Crawlable: True :Score: 0
2014-02-21 14:01:05,706 Copied: https://plus.google.com/s/%23FitForAGriffyndor :FileName: fa345c8cf81d841b0ceea05dafd64148 :Is Crawlable: False :Score: 206
2014-02-21 14:01:07,721 Copied: https://plus.google.com/s/%23CoffeeThursday :FileName: a7c64d68f10de1ec99f320a0a5e82d4b :Is Crawlable: False :Score: 270
2014-02-21 14:01:08,628 Copied: https://plus.google.com/photos/117575809843355974839/albums/5982553449018296769/5982553451627460882 :FileName: b232a65cb327aca8c1420a1f50414f89 :Is Crawlable: True :Score: 0
2014-02-21 14:01:09,438 Copied: https://plus.google.com/photos/117575809843355974839 :FileName: ed1766a82e3d3244aba04ab88f8344fe :Is Crawlable: True :Score: 0
2014-02-21 14:01:10,486 Copied: https://plus.google.com/102862026811589002597 :FileName: 044a41d7a6f0249b17e149e3faad0989 :Is Crawlable: True :Score: 0
2014-02-21 14:01:11,765 Copied: https://plus.google.com/117575809843355974839/posts/C5ry3HUtE35 :FileName: 69e52e65c2246efa698de7a5018cc972 :Is Crawlable: True :Score: 213
2014-02-21 14:01:13,016 Copied: https://plus.google.com/explore/NowBrewing :FileName: 1bc5b13b63f7e103108380832f8a70e3 :Is Crawlable: True :Score: 0
2014-02-21 14:01:14,384 Copied: https://plus.google.com/explore/KomodoDragon :FileName: 2dc8962975eb2d6b90c7ad38678dea47 :Is Crawlable: True :Score: 0
2014-02-21 14:01:16,078 Copied: https://plus.google.com/explore/Coffee :FileName: 3c701391ad40fbe3a2704e0caab8007c :Is Crawlable: True :Score: 0
2014-02-21 14:01:17,302 Copied: https://plus.google.com/s/%23NowBrewing :FileName: 15ad1d04c10f940e5ea60ef6f21e6297 :Is Crawlable: False :Score: 268
2014-02-21 14:01:18,772 Copied: https://plus.google.com/s/%23KomodoDragon :FileName: b76e5a33ffcc0cc748b5b2a8892d6e7f :Is Crawlable: False :Score: 102
2014-02-21 14:01:20,352 Copied: https://plus.google.com/s/%23Coffee :FileName: 431530ee08836a973276372cc98e995e :Is Crawlable: False :Score: 292
2014-02-21 14:01:21,259 Copied: https://plus.google.com/photos/117575809843355974839/albums/5981754218028035585/5981754215318628082 :FileName: e0dac24881c52a143b1e6014621a0797 :Is Crawlable: True :Score: 0
2014-02-21 14:01:22,862 Copied: https://plus.google.com/113101523785372675996 :FileName: 089d93b0d24fbd4828594542f1966a8c :Is Crawlable: True :Score: 202
2014-02-21 14:01:25,369 Copied: https://plus.google.com/117575809843355974839/posts/9gULpH245nH :FileName: 16a7cb84bc72c4c891d0d62685131aac :Is Crawlable: True :Score: 234
2014-02-21 14:01:26,381 Copied: https://plus.google.com/photos/117575809843355974839/albums/5980297504721750337/5980297507574053394 :FileName: 60011dc23b8f84917c2be76084549212 :Is Crawlable: True :Score: 0
2014-02-21 14:01:30,210 Copied: https://plus.google.com/117800386748529013312 :FileName: 492b942557b8433fbb4966de4aa779de :Is Crawlable: True :Score: 0
2014-02-21 14:01:31,805 Copied: https://plus.google.com/117575809843355974839/posts/FydbhgsTaeG :FileName: 98c9bf6f584ddcdffea1b871b5091af6 :Is Crawlable: True :Score: 227
2014-02-21 14:01:33,190 Copied: https://plus.google.com/explore/nowbrewing :FileName: e1ee068d84c3586afedbb143ea7ed089 :Is Crawlable: True :Score: 0
2014-02-21 14:01:34,430 Copied: https://plus.google.com/s/%23nowbrewing :FileName: fdc3e1010f7caedd1a60794918d5021d :Is Crawlable: False :Score: 268
2014-02-21 14:01:35,358 Copied: https://plus.google.com/photos/117575809843355974839/albums/5979222809376153729/5979222813614427378 :FileName: 837fd7c15f68177f44c64ecf0b3e4d98 :Is Crawlable: True :Score: 0
2014-02-21 14:01:36,303 Copied: https://plus.google.com/109585370071439886198 :FileName: 3f7a8a4484d9c2cdd6bd0575837ba96b :Is Crawlable: True :Score: 0
2014-02-21 14:01:37,651 Copied: https://plus.google.com/117575809843355974839/posts/acjDNZSSggk :FileName: 776d26fdf17927583056f4a033874946 :Is Crawlable: True :Score: 212
2014-02-21 14:01:39,450 Copied: https://plus.google.com/explore/slowdown :FileName: 2185192d1ba8fa8b6b2a3e4157d8d79a :Is Crawlable: True :Score: 0
2014-02-21 14:01:40,578 Copied: https://plus.google.com/explore/teavana :FileName: a2270a31c8e05bb7a261edea46679f17 :Is Crawlable: True :Score: 0
2014-02-21 14:01:41,938 Copied: https://plus.google.com/explore/staywarm :FileName: 0567a4b9b902ecc3baf5061e40a02f20 :Is Crawlable: True :Score: 0
2014-02-21 14:01:43,661 Copied: https://plus.google.com/s/%23slowdown :FileName: 8420fdb4b33ab22d239a2049694c5c84 :Is Crawlable: False :Score: 207
2014-02-21 14:01:45,117 Copied: https://plus.google.com/s/%23teavana :FileName: 86dff203037eb4fbdd658e44c362fdfe :Is Crawlable: False :Score: 225
2014-02-21 14:01:46,493 Copied: https://plus.google.com/s/%23staywarm :FileName: 35093682dd45abbd519169a6c0f51fec :Is Crawlable: False :Score: 207
2014-02-21 14:01:47,529 Copied: https://plus.google.com/photos/117575809843355974839/albums/5977722389723711105/5977722386242348642 :FileName: cafee2db6f842c21f01f218956b35663 :Is Crawlable: True :Score: 0
2014-02-21 14:01:48,474 Copied: https://plus.google.com/109371991346067320886 :FileName: 0d1a1c356fc760c53f675c5754a9154a :Is Crawlable: True :Score: 204
2014-02-21 14:01:49,709 Copied: https://plus.google.com/104133944528097869247 :FileName: 38dc8d6789175b0fdd479b14bfa7611d :Is Crawlable: True :Score: 0
2014-02-21 14:01:50,500 Copied: https://plus.google.com/102202704197738122984 :FileName: ccec2d71c9ec9439c84412a80f778fae :Is Crawlable: True :Score: 0
2014-02-21 14:01:52,078 Copied: https://plus.google.com/116770217301293713904 :FileName: 149743e7bddf5fdacfe42d26fd0c3ea6 :Is Crawlable: True :Score: 0
2014-02-21 14:01:53,875 Copied: https://plus.google.com/111732510106765595161 :FileName: fef295e242b4db7c5263367b306dabc5 :Is Crawlable: True :Score: 0
2014-02-21 14:01:54,663 Copied: https://plus.google.com/107905317563524149229 :FileName: 6958ac08ffd1b080ece6df41689032a7 :Is Crawlable: True :Score: 0
2014-02-21 14:01:55,447 Copied: https://plus.google.com/104492081417677843146 :FileName: 336107bc6fc1130a578dfb471fefb920 :Is Crawlable: True :Score: 0
2014-02-21 14:01:56,346 Copied: https://plus.google.com/116343671421763943319 :FileName: 5bdd0d1e11cc3027a78561e5649c9ea9 :Is Crawlable: True :Score: 0
2014-02-21 14:01:57,737 Copied: https://plus.google.com/117754831759101810233 :FileName: c107b13512fdbd83e18e3a39b44f7b90 :Is Crawlable: True :Score: 0
2014-02-21 14:01:58,638 Copied: https://plus.google.com/113909211710495540539 :FileName: d14875d16fb81e23ced7ca2d38d47ef7 :Is Crawlable: True :Score: 0
2014-02-21 14:01:59,769 Copied: https://plus.google.com/117454808624755466542 :FileName: afcb790415dafa2709a8a71b79e537a2 :Is Crawlable: True :Score: 0
2014-02-21 14:02:00,444 Copied: https://plus.google.com/114478040686484629831 :FileName: 8d87e4cdc6d48d3c67028b7a953b883a :Is Crawlable: True :Score: 0
2014-02-21 14:02:01,230 Copied: https://plus.google.com/114018060794566393182 :FileName: b0773b6d0e274f9cf6cf76671d83070d :Is Crawlable: True :Score: 0
2014-02-21 14:02:03,049 Copied: https://plus.google.com/communities/112331663941934517206 :FileName: ca5cd2f5adb87e30acbf6db31d0e3ecf :Is Crawlable: True :Score: 245
2014-02-21 14:02:04,509 Copied: https://plus.google.com/117575809843355974839/posts/ELSjUphx2DZ :FileName: 6a05cce87870d5442ba89bc3b76d99ad :Is Crawlable: True :Score: 225
2014-02-21 14:02:06,232 Copied: https://plus.google.com/explore/SweetReceipt :FileName: e1befa2b1169e647af0abf11ba14a677 :Is Crawlable: True :Score: 0
2014-02-21 14:02:07,380 Copied: https://plus.google.com/explore/USA :FileName: 1416dd6a10439cbc9883bc52c4e284fc :Is Crawlable: True :Score: 0
2014-02-21 14:02:08,398 Copied: https://plus.google.com/explore/Bakery :FileName: aa19b58e12871200b0bde220fc32ed73 :Is Crawlable: True :Score: 0
2014-02-21 14:02:09,528 Copied: https://plus.google.com/s/%23SweetReceipt :FileName: 87b3999f8d373f030f84349da73ec571 :Is Crawlable: False :Score: 212
2014-02-21 14:02:10,690 Copied: https://plus.google.com/photos/117575809843355974839/albums/5982125690946211713/5982125690776134834 :FileName: 8097c5ef703377dc0382f6b5d2d332d5 :Is Crawlable: True :Score: 0
2014-02-21 14:02:11,592 Copied: https://plus.google.com/106298232972122088068 :FileName: d3b1e732aabb1ea35c3db2609cca697b :Is Crawlable: True :Score: 0
2014-02-21 14:02:13,164 Copied: https://plus.google.com/117575809843355974839/posts/19LHQwWqVTc :FileName: 1cd191b2341b2a1955457775a4a54998 :Is Crawlable: True :Score: 220
2014-02-21 14:02:15,634 Copied: https://plus.google.com/explore/Starbucks :FileName: 7cb293e660b139a4a1a58f20f3999181 :Is Crawlable: True :Score: 0
2014-02-21 14:02:16,898 Copied: https://plus.google.com/photos/117575809843355974839/albums/5981438290953718417/5981438296894933810 :FileName: b2bbd8ffc96851dff1cb02c7f1d4d576 :Is Crawlable: True :Score: 0
2014-02-21 14:02:17,948 Copied: https://plus.google.com/105822360312413137978 :FileName: f886c35fa5965f139da723bc2adb79c0 :Is Crawlable: True :Score: 204
2014-02-21 14:02:20,414 Copied: https://plus.google.com/117575809843355974839/posts/fuZ5ssJjx1C :FileName: 34a6923073144ab84a87082fdb5bf4d7 :Is Crawlable: True :Score: 207
2014-02-21 14:02:21,907 Copied: https://plus.google.com/explore/Latte :FileName: 4ee3cdda0fc16096ca7b892ccb24db71 :Is Crawlable: True :Score: 0
2014-02-21 14:02:23,039 Copied: https://plus.google.com/photos/117575809843355974839/albums/5979942360894757185/5979942363655235426 :FileName: ee955fdaabb3d86a4154a81d5590c154 :Is Crawlable: True :Score: 0
2014-02-21 14:02:28,644 Copied: https://plus.google.com/105535079878920882019 :FileName: a84d374daeda178c3942f3ac0a7f553e :Is Crawlable: True :Score: 0
2014-02-21 14:02:30,571 Copied: https://plus.google.com/117575809843355974839/posts/V1je9ufP2eq :FileName: 51fdeaf7f4e67388670cdcd90d53773c :Is Crawlable: True :Score: 226
2014-02-21 14:02:33,976 Copied: https://plus.google.com/explore/KCup :FileName: d3d3270bb05a46eb9758ab61a03c4f1d :Is Crawlable: True :Score: 0
2014-02-21 14:02:35,361 Copied: https://plus.google.com/photos/117575809843355974839/albums/5978074329810059761/5978074330188086130 :FileName: e95ba4f31ed26bfac99e421774be9a9c :Is Crawlable: True :Score: 0
2014-02-21 14:02:36,259 Copied: https://plus.google.com/115945322674203220595 :FileName: 1ea2eb524cb11b91ad2e229cf7199b72 :Is Crawlable: True :Score: 0
2014-02-21 14:02:38,394 Copied: https://plus.google.com/117575809843355974839/posts/FgyesX7pLVU :FileName: b592e0cdfc67bd78c224a6422199d7b4 :Is Crawlable: True :Score: 226
2014-02-21 14:02:40,298 Copied: https://plus.google.com/explore/protip :FileName: 8283ac25d67ab0a9c0b0596e94e222c2 :Is Crawlable: True :Score: 0
2014-02-21 14:02:41,446 Copied: https://plus.google.com/explore/coffeethursday :FileName: f18b66c2e823d8fa874255b94a859147 :Is Crawlable: True :Score: 0
2014-02-21 14:02:43,357 Copied: https://plus.google.com/s/%23coffeethursday :FileName: e8ef2eb1a30f7875ac77ff5bb0791eb6 :Is Crawlable: False :Score: 270
2014-02-21 14:02:45,480 Copied: https://plus.google.com/s/%23protip :FileName: 41121b8e3f59f90e0db148c2ec52070c :Is Crawlable: False :Score: 0
2014-02-21 14:02:46,533 Copied: https://plus.google.com/photos/117575809843355974839/albums/5977363376456983601/5977363377688530514 :FileName: 2701201f9b901f2f833c87a754c679ea :Is Crawlable: True :Score: 0
2014-02-21 14:02:47,989 Copied: https://plus.google.com/102085666143409659207 :FileName: 7233674b5fb30b39c5ed8613a798bfe5 :Is Crawlable: True :Score: 0
2014-02-21 14:02:49,032 Copied: https://plus.google.com/109128108303465694271 :FileName: a88f37c9b037e0f31da3525f55936c93 :Is Crawlable: True :Score: 0
2014-02-21 14:02:51,506 Copied: http://www.facebook.com/l.php?u=http%3A%2F%2Fsbux.co%2F1aU7hIV&h=bAQFVqq-M&s=1 :FileName: 7e4d1e418f0cbc06063586fc66e6e7f8 :Is Crawlable: False :Score: 0
2014-02-21 14:02:53,193 Copied: http://www.youtube.com/user/Starbucks :FileName: e43b9e30a25a2f379c382a127eb52e06 :Is Crawlable: True :Score: 312
2014-02-21 14:02:54,562 Copied: http://Facebook.com/Starbucks :FileName: 59ca65c1eb9eb7cf5bd4dfe6d885f4d1 :Is Crawlable: False :Score: 0
2014-02-21 14:02:55,762 Copied: http://Twitter.com/Starbucks :FileName: 6b969d96c9911a929bdb14849587945d :Is Crawlable: True :Score: 281
2014-02-21 14:02:56,980 Copied: http://MyStarbucksidea.com :FileName: f6890b9774cbdc1b012b6d51a82e6a59 :Is Crawlable: True :Score: 219
2014-02-21 14:02:58,733 Copied: http://StarbucksStore.com :FileName: e70d94eefd9bb6563be5c44b6d7f6de2 :Is Crawlable: True :Score: 263
2014-02-21 14:03:00,181 Copied: http://youtube.com/Starbucks :FileName: 8c6151ea884778835d4394a54916378d :Is Crawlable: True :Score: 312
2014-02-21 14:03:08,815 Copied: https://www.starbucks.com/shop/card/egift :FileName: 3cc230a1c62529fb12e3a227b45de987 :Is Crawlable: True :Score: 279
2014-02-21 14:03:08,826 Total Files Downloaded: 119 :Total  errors: 0 :Total Files size: 18049412
