2014-02-21 14:13:34,671 Downloads directory created
2014-02-21 14:13:34,789 Copied: http://www.dell.com/us/p/inspiron-14r-5421/pd  FileName: 44210b7d0bfbbf0ebf568abc8fb3de99Is Crawlable: True
2014-02-21 14:13:36,022 Copied: http://www.pcmag.com/article2/0,2817,2425374,00.asp  FileName: 3fc34824714f36cfffe6ee4745ffda27Is Crawlable: True
2014-02-21 14:13:37,483 Copied: http://www.dell.com/us/p/inspiron-14r-5437/pd  FileName: 2d39509b014ee6ce583ae76a63203279Is Crawlable: True
2014-02-21 14:13:39,956 Copied: http://www.cnet.com/laptops/dell-inspiron-14r/4505-3121_7-34122518.html  FileName: 378609e87f1f7a90401eeeb8d7500722Is Crawlable: True
2014-02-21 14:13:40,867 Copied: http://www.laptopmag.com/reviews/laptops/dell-inspiron-14r-2013.aspx  FileName: de4a2ec888f9faa9696468c3d09b6bb4Is Crawlable: True
2014-02-21 14:13:42,918 Copied: http://www.amazon.com/Dell-Inspiron-i14RN-1364DBK-i3-2330M-BlueTooth/dp/B005KP74JK  FileName: 535f51964b0c9393c86cc98d0649c072Is Crawlable: True
2014-02-21 14:13:43,858 Copied: http://www.computershopper.com/laptops/reviews/dell-inspiron-14r-2013  FileName: 7ef453ddad54ae72b3655b1b02e179d3Is Crawlable: True
2014-02-21 14:13:44,645 Copied: http://www.pcworld.com/article/2082082/dell-inspiron-14r-5437-review-its-no-barn-burner-but-it-runs-a-good-long-while.html  FileName: 7f000bc7323a8d25c94b23c47184a7ccIs Crawlable: True
2014-02-21 14:13:46,325 Copied: http://www.officedepot.com/a/products/211106/Dell-Inspiron-14R-I14RM-7500SLV-Laptop/  FileName: 82f754820a72880147ad0548bcc447a4Is Crawlable: True
2014-02-21 14:13:47,895 Copied: http://www.ebay.com/bhp/dell-inspiron-14r  FileName: 7f5ad04041a629ca91bbe9475d91aa91Is Crawlable: True
2014-02-21 14:13:49,473 Copied: http://www.dell.com/us/p/popular-laptop-deals :FileName: 9ecc65e0531e564c9d55343b669d3130 :Is Crawlable: True :Score: 214
2014-02-21 14:13:52,096 Copied: http://www.omniture.com :FileName: c498155b4c2d39efc8eedc7e93938d98 :Is Crawlable: True :Score: 0
2014-02-21 14:13:52,770 Copied: http://www.laptopmag.com/ :FileName: 9eca2e5b3f955f7208e5d6a9d574ae94 :Is Crawlable: True :Score: 103
2014-02-21 14:13:53,459 Copied: http://www.laptopmag.com/rss/rss.aspx :FileName: 3b663642e1784a8b9200fefadee78da3 :Is Crawlable: True :Score: 0
2014-02-21 14:13:54,470 Copied: http://www.laptopmag.com/laptops/default.aspx :FileName: 8e9793972fcb17087ef36aa3c5ec6aed :Is Crawlable: True :Score: 103
2014-02-21 14:13:55,276 Copied: http://www.laptopmag.com/l/tablets.aspx :FileName: 5bf2dfaabe2fcbcb3f7d32b071923123 :Is Crawlable: True :Score: 103
2014-02-21 14:13:55,871 Copied: http://www.laptopmag.com/l/smart-phones.aspx :FileName: a6644961e3a3818dbc6ffc0dad228e52 :Is Crawlable: True :Score: 101
2014-02-21 14:13:56,677 Copied: http://www.laptopmag.com/ultrabooks/default.aspx :FileName: 54c84ce99abb2f031d4b6fc9b3c1a40b :Is Crawlable: True :Score: 106
2014-02-21 14:13:57,032 Copied: http://www.laptopmag.com/software-reviews/ :FileName: 8419a6be93ea632efbca631486440f0e :Is Crawlable: True :Score: 0
2014-02-21 14:13:57,486 Copied: http://www.laptopmag.com/best-apps.aspx :FileName: f5a025b57a575404710b90ddb0c2793c :Is Crawlable: True :Score: 0
2014-02-21 14:13:58,859 Copied: http://www.laptopmag.com/review/reviews.aspx :FileName: 45fd6087a07b1efd94067813adf0ac92 :Is Crawlable: True :Score: 103
2014-02-21 14:14:00,457 Copied: http://blog.laptopmag.com/ :FileName: 75486d68dd6b8b38074abf4204444fa4 :Is Crawlable: True :Score: 0
2014-02-21 14:14:22,167 Copied: http://video.laptopmag.com/video/ :FileName: ee4de2f063336690d78cea43ebb4f2e1 :Is Crawlable: True :Score: 0
2014-02-21 14:14:24,072 Copied: https://twitter.com/laptopmag :FileName: 0168c518f1e7bc994366d753f1906288 :Is Crawlable: True :Score: 0
2014-02-21 14:14:47,924 Copied: http://blog.laptopmag.com/galaxy-s5-specs-features :FileName: c77c1585f7c137cb39fbbb4c0e813c99 :Is Crawlable: True :Score: 101
2014-02-21 14:14:50,384 Copied: http://blog.laptopmag.com/best-chromebooks :FileName: 1f5a5606e0efdd9fdc81e43e11a522ec :Is Crawlable: True :Score: 101
2014-02-21 14:14:51,621 Copied: http://www.laptopmag.com/reviews/smartwatches/pebble-steel.aspx :FileName: 01176b8b466011314fd96a122a2570d6 :Is Crawlable: True :Score: 101
2014-02-21 14:14:53,078 Copied: http://blog.laptopmag.com/iphone-6-rumors :FileName: bf2a0a055cf4555725e857ab03213aa4 :Is Crawlable: True :Score: 101
2014-02-21 14:14:54,877 Copied: http://www.laptopmag.com/best-tablets.aspx :FileName: ed2d9436973d400991922a480c60e461 :Is Crawlable: True :Score: 0
2014-02-21 14:14:56,243 Copied: http://blog.laptopmag.com/how-to-upgrade-to-os-x-mavericks-for-free :FileName: 3aebaf627a07d5d1d07f79677f58555a :Is Crawlable: True :Score: 101
2014-02-21 14:14:58,309 Copied: http://www.amazon.com/ :FileName: 4952e9de1abe320fa6e5d900454a3f9a :Is Crawlable: True :Score: 0
2014-02-21 14:15:01,030 Copied: http://www.amazon.com/gp/product/B00DBYBNEE :FileName: 2c9e85c55cb80610d522d1ce5423b1d6 :Is Crawlable: True :Score: 0
2014-02-21 14:15:01,706 Copied: http://www.amazon.com/gp/yourstore/home :FileName: 50b7b731eb6bfacec318140261fc2397 :Is Crawlable: False :Score: 0
2014-02-21 14:15:05,736 Copied: http://www.amazon.com/gp/goldbox :FileName: 5bf859e54ec6a06aa0a3ce744755d2cc :Is Crawlable: True :Score: 0
2014-02-21 14:15:08,690 Copied: http://www.amazon.com/gift-cards/b?ie=UTF8&node=2238192011 :FileName: c58388462011177b52d6c41d0eeaccd4 :Is Crawlable: True :Score: 0
2014-02-21 14:15:10,375 Copied: http://www.amazon.com/gp/seller-account/mm-product-page.html?ie=UTF8&ld=AZSOAUSCSNav :FileName: 01d231605e6c9c38c7f075920977afb8 :Is Crawlable: True :Score: 0
2014-02-21 14:15:12,414 Copied: http://www.amazon.com/Help/b?ie=UTF8&node=508510 :FileName: 97b5ebf062c72b31dff804ce659d66ca :Is Crawlable: True :Score: 0
2014-02-21 14:15:13,911 Copied: http://www.amazon.com/gp/site-directory :FileName: a59ad77f9ea9ab611de47e8427f18f19 :Is Crawlable: True :Score: 0
2014-02-21 14:15:14,474 Copied: https://www.amazon.com/ap/signin?_encoding=UTF8&openid.assoc_handle=usflex&openid.claimed_id=http%3A%2F%2Fspecs.openid.net%2Fauth%2F2.0%2Fidentifier_select&openid.identity=http%3A%2F%2Fspecs.openid.net%2Fauth%2F2.0%2Fidentifier_select&openid.mode=checkid_setup&openid.ns=http%3A%2F%2Fspecs.openid.net%2Fauth%2F2.0&openid.ns.pape=http%3A%2F%2Fspecs.openid.net%2Fextensions%2Fpape%2F1.0&openid.pape.max_auth_age=0&openid.return_to=https%3A%2F%2Fwww.amazon.com%2Fgp%2Fcss%2Fhomepage.html%3Fie%3DUTF8%26ref_%3Dgno_yam_ya :FileName: 6a08e9cdfab365bef8419a26384936b9 :Is Crawlable: False :Score: 0
2014-02-21 14:15:16,076 Copied: http://www.amazon.com/gp/cart/view.html :FileName: 238d1f3fdfda4b654d495461cb24f641 :Is Crawlable: False :Score: 0
2014-02-21 14:15:17,756 Copied: http://www.amazon.com/gp/registry/wishlist :FileName: f71e1185ea48b8b99adf77ff3740dfef :Is Crawlable: True :Score: 0
2014-02-21 14:15:20,897 Copied: http://www.amazon.com/computer-pc-hardware-accessories-add-ons/b?ie=UTF8&node=541966 :FileName: 3888cd5b95c4705725507594a8299a78 :Is Crawlable: True :Score: 101
2014-02-21 14:15:22,351 Copied: http://www.amazon.com/Computers/b?ie=UTF8&node=565118 :FileName: 63346205be29f3816330757199544a96 :Is Crawlable: True :Score: 101
2014-02-21 14:15:24,384 Copied: http://www.amazon.com/gp/bestsellers/pc/541966 :FileName: d87fc9ed6fb22df73c4065cb116c5898 :Is Crawlable: True :Score: 0
2014-02-21 14:15:26,507 Copied: http://www.amazon.com/Laptops-Tablets/b?ie=UTF8&node=2956501011 :FileName: aff2358958c32f9bf1d5cdb47e4bc33d :Is Crawlable: True :Score: 105
2014-02-21 14:15:28,644 Copied: http://www.amazon.com/Desktops/b?ie=UTF8&node=4972214011 :FileName: 57040213c13c72a3f3dfc162642b9db5 :Is Crawlable: True :Score: 212
2014-02-21 14:15:31,121 Copied: http://www.amazon.com/Hard-Drives-Storage/b?ie=UTF8&node=2248325011 :FileName: da1037680e32c63bdbb34225732fcebb :Is Crawlable: True :Score: 0
2014-02-21 14:15:34,634 Copied: http://www.amazon.com/Computer-Accessories/b?ie=UTF8&node=2956536011 :FileName: 7c5949c7d11cfbd3db819cb543cfa7f6 :Is Crawlable: True :Score: 0
2014-02-21 14:15:37,444 Copied: http://www.amazon.com/Tablet-Accessories/b?ie=UTF8&node=2348628011 :FileName: 6ac0552c1f0e95685bddd3ffcc53520e :Is Crawlable: True :Score: 101
2014-02-21 14:15:39,848 Copied: http://www.amazon.com/PC-Parts-Components/b?ie=UTF8&node=193870011 :FileName: 9c836a826d14a7316e42fd80d68238d0 :Is Crawlable: True :Score: 0
2014-02-21 14:15:41,803 Copied: http://www.amazon.com/Printers-Office-Electronics/b?ie=UTF8&node=172635 :FileName: fed9cafed81a89ba69eeb06a9c595bb2 :Is Crawlable: True :Score: 101
2014-02-21 14:15:43,257 Copied: http://www.amazon.com/Deals-Computers/b?ie=UTF8&node=759498 :FileName: d50d866893319cded8707b8244055a33 :Is Crawlable: True :Score: 0
2014-02-21 14:15:46,191 Copied: http://www.amazon.com/electronics-store/b?ie=UTF8&node=172282 :FileName: 28542d99fd8b5ed91d4016d2891337b2 :Is Crawlable: True :Score: 0
2014-02-21 14:15:46,667 The server couldn't fulfill the request for: http://www.amazon.com/gp/offer-listing/B005KP74JK/ref=dp_olp_all_mbc?ie=UTF8&condition=allError: 503
2014-02-21 14:15:47,789 The server couldn't fulfill the request for: http://www.amazon.com/gp/offer-listing/B005KP74JK/ref=dp_olp_all_mbc?ie=UTF8&condition=allError: 503
2014-02-21 14:15:48,910 Copied: https://www.amazon.com/gp/tradein/add-to-cart.html?ie=UTF8&asin=B005KP74JK :FileName: dc494d3213ad067bdd3d9ff1c1aec780 :Is Crawlable: True :Score: 0
2014-02-21 14:15:51,720 Copied: http://www.amazon.com/gp/tradein/popovers/render-popover.html?ie=UTF8&name=dpxHowToTradeIn :FileName: 663f89cb5e9a77652a71024c92d6e083 :Is Crawlable: True :Score: 0
2014-02-21 14:15:53,631 Copied: http://www.amazon.com/gp/pdp/taf/ref=cm_sw_l_view_dp_Jv6btb07PGZPP9QD?ie=UTF8&itemInfo=B005KP74JK&placementID=dp_Jv6btb07PGZPP9QD&parentASIN=B005KP74JK&contentName=item&contentType=asin&isDynamicSWF=0&contentID=B005KP74JK&emailTemplate=%2Fgp%2Fpdp%2Fcommon%2Femail%2Fshare-product&type=SH&viaAccount=amazon&relatedAccounts=amazondeals%2Camazonmp3&referer=http%253A%252F%252Fwww.amazon.com%252Fgp%252Fproduct%252FB005KP74JK%252Fref%253D&contentURI=%2Fdp%2FB005KP74JK :FileName: 77fbe3b2d7e5872abb7d80bf82390507 :Is Crawlable: True :Score: 0
2014-02-21 14:15:55,013 Copied: http://www.amazon.com/gp/redirect.html/ref=cm_sw_cl_fa_dp_Jv6btb07PGZPP9QD?_encoding=UTF8&location=http%3A%2F%2Fwww.facebook.com%2Fshare.php%3Fu%3Dhttp%253A%252F%252Fwww.amazon.com%252Fdp%252FB005KP74JK%252Fref%253Dcm_sw_r_fa_dp_Jv6btb07PGZPP9QD&token=6BD0FB927CC51E76FF446584B1040F70EA7E88E1 :FileName: 571d55e342b53902a33fd6a59b0414e1 :Is Crawlable: False :Score: 0
2014-02-21 14:15:56,078 Copied: http://www.amazon.com/gp/redirect.html/ref=cm_sw_cl_tw_dp_Jv6btb07PGZPP9QD?_encoding=UTF8&location=http%3A%2F%2Ftwitter.com%2Fintent%2Ftweet%3Foriginal_referer%3Dhttp%25253A%25252F%25252Fwww.amazon.com%25252Fgp%25252Fproduct%25252FB005KP74JK%25252Fref%25253Dcm_sw_r_tw_dp_Jv6btb07PGZPP9QD%26text%3DDell%2520Inspiron%252014%2522%2520i14RN-1364DBK%2520Laptop%2520with%2520Inter%2520Core%2520i3-2330M%25202.2Ghz%252C%25204GB%2520DD...%26related%3Damazondeals%252Camazonmp3%26url%3Dhttp%253A%252F%252Fwww.amazon.com%252Fdp%252FB005KP74JK%252Fref%253Dcm_sw_r_tw_dp_Jv6btb07PGZPP9QD%26via%3Damazon&token=7A1A4AE8F6CE0BD277D8295E58702D283F329C0F :FileName: 49add1df92e957fa19a422d15974d369 :Is Crawlable: False :Score: 303
2014-02-21 14:15:58,325 Copied: http://www.amazon.com/gp/redirect.html/ref=cm_sw_cl_pi_dp_Jv6btb07PGZPP9QD?_encoding=UTF8&location=http%3A%2F%2Fpinterest.com%2Fpin%2Fcreate%2Fbutton%3Furl%3Dhttp%253A%252F%252Fwww.amazon.com%252Fdp%252FB005KP74JK%252Fref%253Dcm_sw_r_pi_dp_Jv6btb07PGZPP9QD%26title%3DDell%2520Inspiron%252014%2522%2520i14RN-1364DBK%2520Laptop%2520with%2520Inter%2520Core%2520i3-2330M%25202.2Ghz%252C%25204GB%2520DDR3%2520Memory%252C%2520640GB%2520Hard%2520drive%252C%2520Wifi-N%252C%2520BlueTooth%252C%2520USB%25203.0%252C%2520Windows%25207%2520Home%2520Premium%2520Dell%26description%3DDell%2520Inspiron%252014%2522%2520i14RN-1364DBK%2520Laptop%2520with%2520Inter%2520Core%2520i3-2330M%25202.2Ghz%252C%25204GB%2520DDR3%2520Memory%252C%2520640GB%2520Hard%2520drive%252C%2520Wifi-N%252C%2520BlueTooth%252C%2520USB%25203.0%252C%2520Windows%25207%2520Home%2520Premium%2520Dell%252Chttp%253A%252F%252Fwww.amazon.com%252Fdp%252FB005KP74JK%252Fref%253Dcm_sw_r_pi_dp_Jv6btb07PGZPP9QD%26media%3Dhttp%253A%252F%252Fecx.images-amazon.com%252Fimages%252FI%252F41KCZSgc-DL.jpg&token=9F58B366258E1A8B5259E9BEF3482E02341F42D3 :FileName: 807d3b261e11d8f5677fa796724567d1 :Is Crawlable: False :Score: 0
2014-02-21 14:16:02,746 Copied: http://get.adobe.com/flashplayer :FileName: 96a82c75cecba464edd0b1afa104bbfc :Is Crawlable: True :Score: 0
2014-02-21 14:16:08,464 The server couldn't fulfill the request for: http://www.amazon.com/s?ie=UTF8&field-brandtextbin=Dell&node=541966Error: 301
2014-02-21 14:16:09,552 Copied: http://ad.doubleclick.net/jump/zd.pcmag/laptopssection_exotic;zdid=a316672;zdaudience=consumer;zdaudience=mainstream;zdcompany=dellinc;sz=1x3;zdtopic=laptops;zdtopic=edchoice;zdtopic=home;tile=2;cmn=zd;ord=123456789? :FileName: 17a4e6c148523a2abd993456d1d24fd4 :Is Crawlable: False :Score: 0
2014-02-21 14:16:11,121 Copied: http://www.pcmag.com/category2/0,2806,24,00.asp :FileName: 23ab3ca5d36ba8ae7c908345fe0afded :Is Crawlable: True :Score: 0
2014-02-21 14:16:12,825 Copied: http://www.pcmag.com/category2/0,2806,30,00.asp :FileName: b28b0ea7ac07320bc093510e3cba03a0 :Is Crawlable: True :Score: 103
2014-02-21 14:16:14,201 Copied: http://www.pcmag.com/category2/0,2806,3076,00.asp :FileName: 6d0c663944f59e3971ba83c13f0bfd17 :Is Crawlable: True :Score: 0
2014-02-21 14:16:14,698 Copied: http://www.pcmag.com/best-deals-today :FileName: 3d102018f47fedd32e77a86523fff804 :Is Crawlable: True :Score: 0
2014-02-21 14:16:15,611 Copied: http://www.pcmag.com/tips :FileName: 1b04fbc9d828f84ec6d032a8bcadab57 :Is Crawlable: True :Score: 0
2014-02-21 14:16:16,733 Copied: http://www.pcmag.com/business :FileName: 01c7348aed93da38133e75bed2ded8d9 :Is Crawlable: True :Score: 0
2014-02-21 14:16:17,854 Copied: https://www.zdmcirc.com/zdmcirc/default.asp?LK=febCNL&I=ibmp :FileName: edaa12579e3a3e9d66c99daf6a061b7e :Is Crawlable: True :Score: 0
2014-02-21 14:16:19,762 Copied: http://www.pcmag.com/ :FileName: 15115537759ca9ba97ecb941c2db6a2a :Is Crawlable: True :Score: 0
2014-02-21 14:16:23,045 Copied: http://www.pcmag.com/reviews :FileName: 1c8b3d9d56fe1b49f200cb65205148a2 :Is Crawlable: True :Score: 0
2014-02-21 14:16:29,654 Copied: http://www.pcmag.com/category2/0,2806,9,00.asp :FileName: 174f652f1712307945794cae58584630 :Is Crawlable: True :Score: 107
2014-02-21 14:16:33,569 Copied: http://www.pcmag.com/category2/0,2806,2358246,00.asp :FileName: 52bf889f267b0631c1db13c04a97ecd1 :Is Crawlable: True :Score: 105
2014-02-21 14:16:37,372 Copied: http://www.pcmag.com/category2/0,2806,2357,00.asp :FileName: 92904a128565cfd0407e342c1d80ede8 :Is Crawlable: True :Score: 101
2014-02-21 14:16:43,440 Copied: http://www.pcmag.com/reviews/digital-cameras :FileName: beb6886f8185d132cde08086adf03f3b :Is Crawlable: True :Score: 0
2014-02-21 14:16:48,293 Copied: http://www.pcmag.com/category2/0,2806,1638887,00.asp :FileName: f7cfb7373ada667e575856eacffe5cec :Is Crawlable: True :Score: 101
2014-02-21 14:16:49,793 Copied: http://www.pcmag.com/category2/0,2806,1638429,00.asp :FileName: a6e5877d0cf9f06c65ca483418756476 :Is Crawlable: True :Score: 0
2014-02-21 14:16:54,042 Copied: http://www.pcmag.com/category2/0,2806,4,00.asp :FileName: f20bbee8a19371e55ba0d57ca8abc674 :Is Crawlable: True :Score: 208
2014-02-21 14:16:57,292 Copied: http://www.pcmag.com/reviews/printers :FileName: e2a7399eb0e13c0c474109319d4adb09 :Is Crawlable: True :Score: 104
2014-02-21 14:16:58,864 Copied: http://www.pcmag.com/category2/0,2806,2355089,00.asp :FileName: 758255d973d17cd897858c1740e1eb10 :Is Crawlable: True :Score: 109
2014-02-21 14:17:00,792 Copied: http://www.pcmag.com/category2/0,2806,2376,00.asp :FileName: ed1f014cc7a94b12eb0db04120b34028 :Is Crawlable: True :Score: 101
2014-02-21 14:17:02,140 Copied: http://www.pcmag.com/category2/0,2806,2362200,00.asp :FileName: f5e1fc20ec20c3818f51d58a3d5e3317 :Is Crawlable: True :Score: 0
2014-02-21 14:17:04,492 Copied: http://www.pcmag.com/reviews/iphone-apps :FileName: a67ea7610da3529fd8f7107952f00271 :Is Crawlable: True :Score: 0
2014-02-21 14:17:07,068 Copied: http://www.pcmag.com/reviews/android-apps :FileName: f84c832a0177befb194f15207efc7566 :Is Crawlable: True :Score: 0
2014-02-21 14:17:08,865 Copied: http://www.pcmag.com/category2/0,2806,2201,00.asp :FileName: cfe6a0dd24d282941c0332a900e8795b :Is Crawlable: True :Score: 0
2014-02-21 14:17:10,776 Copied: http://www.pcmag.com/reviews/security-software :FileName: db94f5fcc3f7e945ac8a537a508efe5d :Is Crawlable: True :Score: 0
2014-02-21 14:17:12,944 Copied: http://www.pcmag.com/category2/0,2806,8,00.asp :FileName: 5ae1de7ff3b569a5face99b5539fa4b0 :Is Crawlable: True :Score: 101
2014-02-21 14:17:14,533 Copied: http://www.pcmag.com/category2/0,2806,4234,00.asp :FileName: cde337658f0217c864269d304878864d :Is Crawlable: True :Score: 101
2014-02-21 14:17:16,107 Copied: http://www.pcmag.com/category2/0,2806,2373,00.asp :FileName: aee72d8d3a386dc5bf83a8fc794fe353 :Is Crawlable: True :Score: 112
2014-02-21 14:17:17,568 Copied: http://www.pcmag.com/category2/0,2806,7497,00.asp :FileName: fb36ee6b899e3ce2cc49f379a96b9824 :Is Crawlable: True :Score: 101
2014-02-21 14:17:19,138 Copied: http://www.pcmag.com/reviews/projectors :FileName: 31ee031e9a314a4200c4f91315063827 :Is Crawlable: True :Score: 103
2014-02-21 14:17:20,267 Copied: http://www.pcmag.com/category2/0,2806,2416851,00.asp :FileName: 8ccdf05a42be3b80ab2a1ebdc4c821d1 :Is Crawlable: True :Score: 0
2014-02-21 14:17:21,282 Copied: http://www.pcmag.com/category2/0,2806,2426318,00.asp :FileName: 4d1d822990b33a798203391634b2b7af :Is Crawlable: True :Score: 0
2014-02-21 14:17:22,867 Copied: http://www.pcmag.com/category2/0,2806,2426317,00.asp :FileName: 07a01fc435fe3f6e09bd24e4dd062f71 :Is Crawlable: True :Score: 0
2014-02-21 14:17:24,549 Copied: http://www.pcmag.com/category2/0,2806,7498,00.asp :FileName: 4c9d2cf2e8b5eb68d9a0aeabff72841d :Is Crawlable: True :Score: 0
2014-02-21 14:17:25,901 Copied: http://www.pcmag.com/category2/0,2806,1638421,00.asp :FileName: d9cb2039452b1b0226a2f7a0915786be :Is Crawlable: True :Score: 0
2014-02-21 14:17:27,355 Copied: http://www.pcmag.com/reviews/mp3-players :FileName: 9c9d68a6c757f79642f6d6fbca220ede :Is Crawlable: True :Score: 101
2014-02-21 14:17:29,413 Copied: http://www.pcmag.com/category2/0,2806,2357246,00.asp :FileName: ead3e256d7ddd556ba814dc1dc52bd14 :Is Crawlable: True :Score: 0
2014-02-21 14:17:31,987 Copied: http://www.pcmag.com/reviews/gps-navigation :FileName: 7cd479fa27dc0c333bd6fefb243d975f :Is Crawlable: True :Score: 0
2014-02-21 14:17:34,374 Copied: http://www.pcmag.com/category2/0,2806,2352214,00.asp :FileName: 477390fe717a8bdf2bacb997f13a16e2 :Is Crawlable: True :Score: 0
2014-02-21 14:17:38,397 Copied: http://www.pcmag.com/category2/0,2806,2340963,00.asp :FileName: 76b6b8dba50716f9eefc05b3c5238e38 :Is Crawlable: True :Score: 0
2014-02-21 14:17:41,418 Copied: http://www.pcmag.com/category2/0,2806,4829,00.asp :FileName: 582bba1565fcf86be82120ca12147842 :Is Crawlable: True :Score: 0
2014-02-21 14:17:47,369 Copied: http://www.pcmag.com/category2/0,2806,10,00.asp :FileName: 8f5fc45bb4a19d2bb0ab5bbf699f1e19 :Is Crawlable: True :Score: 104
2014-02-21 14:17:50,654 Copied: http://www.pcmag.com/reviews/digital_cameras :FileName: 77e0ed7f6f3a50a8438b021f06e1f252 :Is Crawlable: True :Score: 0
2014-02-21 14:17:51,891 Copied: http://ad.doubleclick.net/jump/zd.pcmag/laptopssection_ATF;zdid=a316672;zdaudience=consumer;zdaudience=mainstream;zdcompany=dellinc;sz=728x90;zdtopic=laptops;zdtopic=edchoice;zdtopic=home;tile=3;cmn=zd;ord=123456789? :FileName: 5905c23f2dad67253e46774b839963f6 :Is Crawlable: False :Score: 0
2014-02-21 14:17:56,140 Copied: http://www.pcmag.com/category2/0,2806,94798,00.asp :FileName: d0601a3f6a44640914b893ab08ac3a38 :Is Crawlable: True :Score: 0
2014-02-21 14:17:56,440 Total Files Downloaded: 105 :Total  errors: 3 :Total Files size: 20032471
